mode: set
mngproj/pkg/config/loader.go:12.61,14.16 2 1
mngproj/pkg/config/loader.go:14.16,16.3 1 0
mngproj/pkg/config/loader.go:18.2,19.51 2 1
mngproj/pkg/config/loader.go:19.51,21.3 1 0
mngproj/pkg/config/loader.go:24.2,24.32 1 1
mngproj/pkg/config/loader.go:24.32,25.35 1 1
mngproj/pkg/config/loader.go:25.35,27.4 1 0
mngproj/pkg/config/loader.go:30.2,30.18 1 1
mngproj/pkg/config/loader.go:35.69,44.88 3 1
mngproj/pkg/config/loader.go:44.88,45.17 1 1
mngproj/pkg/config/loader.go:45.17,47.4 1 0
mngproj/pkg/config/loader.go:48.3,48.41 1 1
mngproj/pkg/config/loader.go:48.41,51.4 2 1
mngproj/pkg/config/loader.go:52.3,52.13 1 1
mngproj/pkg/config/loader.go:55.2,55.38 1 1
mngproj/pkg/config/loader.go:55.38,57.3 1 0
mngproj/pkg/config/loader.go:59.2,59.21 1 1
mngproj/pkg/config/loader.go:59.21,61.3 1 0
mngproj/pkg/config/loader.go:63.2,64.16 2 1
mngproj/pkg/config/loader.go:64.16,66.3 1 0
mngproj/pkg/config/loader.go:68.2,69.54 2 1
mngproj/pkg/config/loader.go:69.54,71.3 1 0
mngproj/pkg/config/loader.go:73.2,73.21 1 1
mngproj/pkg/config/loader.go:77.63,79.16 2 1
mngproj/pkg/config/loader.go:79.16,81.3 1 0
mngproj/pkg/config/loader.go:83.2,83.55 1 1
mngproj/pkg/config/loader.go:83.55,85.3 1 0
mngproj/pkg/config/loader.go:87.2,87.12 1 1
mngproj/pkg/manager/discovery.go:11.54,13.6 2 0
mngproj/pkg/manager/discovery.go:13.6,15.42 2 0
mngproj/pkg/manager/discovery.go:15.42,17.4 1 0
mngproj/pkg/manager/discovery.go:19.3,20.20 2 0
mngproj/pkg/manager/discovery.go:20.20,22.4 1 0
mngproj/pkg/manager/discovery.go:23.3,23.15 1 0
mngproj/pkg/manager/discovery.go:29.62,32.85 2 0
mngproj/pkg/manager/discovery.go:32.85,33.17 1 0
mngproj/pkg/manager/discovery.go:33.17,38.4 2 0
mngproj/pkg/manager/discovery.go:41.3,41.16 1 0
mngproj/pkg/manager/discovery.go:41.16,43.49 2 0
mngproj/pkg/manager/discovery.go:43.49,46.5 1 0
mngproj/pkg/manager/discovery.go:48.3,48.13 1 0
mngproj/pkg/manager/discovery.go:51.2,51.16 1 0
mngproj/pkg/manager/discovery.go:51.16,53.3 1 0
mngproj/pkg/manager/discovery.go:55.2,55.26 1 0
mngproj/pkg/manager/execution.go:10.88,12.16 2 1
mngproj/pkg/manager/execution.go:12.16,14.3 1 0
mngproj/pkg/manager/execution.go:16.2,17.9 2 1
mngproj/pkg/manager/execution.go:17.9,19.3 1 0
mngproj/pkg/manager/execution.go:26.2,29.42 2 1
mngproj/pkg/manager/execution.go:29.42,30.28 1 0
mngproj/pkg/manager/execution.go:30.28,32.4 1 0
mngproj/pkg/manager/execution.go:33.3,33.24 1 0
mngproj/pkg/manager/execution.go:36.2,36.29 1 1
mngproj/pkg/manager/execution.go:36.29,40.3 2 0
mngproj/pkg/manager/execution.go:42.2,47.19 3 1
mngproj/pkg/manager/execution.go:47.19,49.3 1 0
mngproj/pkg/manager/execution.go:51.2,60.18 8 1
mngproj/pkg/manager/manager.go:16.45,18.16 2 0
mngproj/pkg/manager/manager.go:18.16,20.3 1 0
mngproj/pkg/manager/manager.go:22.2,23.16 2 0
mngproj/pkg/manager/manager.go:23.16,25.3 1 0
mngproj/pkg/manager/manager.go:27.2,31.8 1 0
mngproj/pkg/manager/manager.go:34.35,40.56 1 0
mngproj/pkg/manager/manager.go:40.56,42.3 1 0
mngproj/pkg/manager/manager.go:44.2,45.16 2 0
mngproj/pkg/manager/manager.go:45.16,47.42 2 0
mngproj/pkg/manager/manager.go:47.42,49.4 1 0
mngproj/pkg/manager/manager.go:53.2,53.18 1 0
mngproj/pkg/manager/manager.go:92.49,96.52 1 1
mngproj/pkg/manager/manager.go:96.52,98.69 1 1
mngproj/pkg/manager/manager.go:98.69,102.4 1 1
mngproj/pkg/manager/manager.go:108.2,108.48 1 1
mngproj/pkg/manager/manager.go:108.48,112.3 1 1
mngproj/pkg/manager/manager.go:114.2,114.10 1 0
mngproj/pkg/manager/manager.go:120.77,124.44 2 1
mngproj/pkg/manager/manager.go:124.44,126.49 1 1
mngproj/pkg/manager/manager.go:126.49,130.9 2 1
mngproj/pkg/manager/manager.go:136.2,136.23 1 1
mngproj/pkg/manager/manager.go:136.23,140.3 1 0
mngproj/pkg/manager/manager.go:146.2,148.50 2 1
mngproj/pkg/manager/manager.go:148.50,152.3 1 1
mngproj/pkg/manager/manager.go:156.2,170.24 2 1
mngproj/pkg/manager/manager.go:170.24,174.3 1 1
mngproj/pkg/manager/manager.go:180.2,188.34 3 1
mngproj/pkg/manager/manager.go:188.34,192.17 2 1
mngproj/pkg/manager/manager.go:192.17,196.4 1 0
mngproj/pkg/manager/manager.go:200.3,206.41 2 1
mngproj/pkg/manager/manager.go:206.41,208.39 1 1
mngproj/pkg/manager/manager.go:208.39,214.5 2 1
mngproj/pkg/manager/manager.go:222.3,222.32 1 1
mngproj/pkg/manager/manager.go:222.32,226.4 1 0
mngproj/pkg/manager/manager.go:232.3,232.43 1 1
mngproj/pkg/manager/manager.go:232.43,246.48 2 1
mngproj/pkg/manager/manager.go:246.48,252.5 2 1
mngproj/pkg/manager/manager.go:262.2,262.35 1 1
mngproj/pkg/manager/manager.go:262.35,266.3 1 0
mngproj/pkg/manager/manager.go:268.2,268.39 1 1
mngproj/pkg/manager/manager.go:268.39,272.3 1 0
mngproj/pkg/manager/manager.go:276.2,276.22 1 1
mngproj/pkg/manager/manager.go:282.45,286.47 2 0
mngproj/pkg/manager/manager.go:286.47,290.3 1 0
mngproj/pkg/manager/manager.go:292.2,292.14 1 0
mngproj/pkg/manager/manager.go:302.65,308.44 2 1
mngproj/pkg/manager/manager.go:308.44,310.53 1 1
mngproj/pkg/manager/manager.go:310.53,314.9 2 1
mngproj/pkg/manager/manager.go:320.2,320.17 1 1
mngproj/pkg/manager/manager.go:320.17,324.3 1 0
mngproj/pkg/manager/manager.go:330.2,332.38 2 1
mngproj/pkg/manager/manager.go:332.38,334.19 1 0
mngproj/pkg/manager/manager.go:334.19,338.9 2 0
mngproj/pkg/manager/manager.go:344.2,344.13 1 1
mngproj/pkg/manager/manager.go:344.13,348.3 1 1
mngproj/pkg/manager/manager.go:348.9,352.3 0 0
mngproj/pkg/manager/manager.go:358.2,360.78 2 1
mngproj/pkg/manager/manager.go:360.78,364.3 1 0
mngproj/pkg/manager/manager.go:370.2,370.37 1 1
mngproj/pkg/manager/manager.go:378.59,382.16 2 1
mngproj/pkg/manager/manager.go:382.16,386.3 1 0
mngproj/pkg/manager/manager.go:390.2,390.33 1 1
mngproj/pkg/manager/manager.go:390.33,394.3 1 1
mngproj/pkg/manager/manager.go:400.2,402.44 2 1
mngproj/pkg/manager/manager.go:402.44,404.53 1 1
mngproj/pkg/manager/manager.go:404.53,408.9 2 1
mngproj/pkg/manager/manager.go:416.2,416.33 1 1
mngproj/pkg/manager/manager.go:416.33,420.3 1 0
mngproj/pkg/manager/manager.go:428.2,430.40 2 1
mngproj/pkg/manager/manager.go:430.40,434.3 1 1
mngproj/pkg/manager/manager.go:438.2,440.74 2 1
mngproj/pkg/manager/manager.go:440.74,444.3 1 0
mngproj/pkg/manager/manager.go:448.2,448.12 1 1
mngproj/pkg/manager/manager.go:456.56,460.53 1 1
mngproj/pkg/manager/manager.go:460.53,464.3 1 0
mngproj/pkg/manager/manager.go:472.3,472.51 1 1
